<?xml version="1.0" encoding="UTF-8"?>
<coverage generated="1597700379111" clover="3.2.0">
  <project timestamp="1597700379111" name="All files">
    <metrics statements="151" coveredstatements="135" conditionals="97" coveredconditionals="78" methods="48" coveredmethods="40" elements="296" coveredelements="253" complexity="0" loc="151" ncloc="151" packages="4" files="8" classes="8"/>
    <package name="src">
      <metrics statements="58" coveredstatements="51" conditionals="26" coveredconditionals="20" methods="21" coveredmethods="16"/>
      <file name="BreakingChangesNotifier.ts" path="/home/brais/Projects/vscode-phpserver/src/BreakingChangesNotifier.ts">
        <metrics statements="14" coveredstatements="14" conditionals="12" coveredconditionals="11" methods="6" coveredmethods="6"/>
        <line num="1" count="1" type="stmt"/>
        <line num="2" count="1" type="stmt"/>
        <line num="4" count="1" type="stmt"/>
        <line num="6" count="1" type="cond" truecount="2" falsecount="0"/>
        <line num="7" count="1" type="stmt"/>
        <line num="10" count="1" type="stmt"/>
        <line num="11" count="4" type="stmt"/>
        <line num="14" count="4" type="cond" truecount="2" falsecount="0"/>
        <line num="18" count="3" type="stmt"/>
        <line num="21" count="3" type="cond" truecount="2" falsecount="0"/>
        <line num="22" count="2" type="stmt"/>
        <line num="31" count="4" type="stmt"/>
        <line num="33" count="4" type="cond" truecount="3" falsecount="1"/>
        <line num="37" count="4" type="stmt"/>
      </file>
      <file name="Messages.ts" path="/home/brais/Projects/vscode-phpserver/src/Messages.ts">
        <metrics statements="1" coveredstatements="1" conditionals="0" coveredconditionals="0" methods="0" coveredmethods="0"/>
        <line num="1" count="2" type="stmt"/>
      </file>
      <file name="VSCodeLogger.ts" path="/home/brais/Projects/vscode-phpserver/src/VSCodeLogger.ts">
        <metrics statements="10" coveredstatements="10" conditionals="0" coveredconditionals="0" methods="4" coveredmethods="4"/>
        <line num="1" count="1" type="stmt"/>
        <line num="9" count="1" type="stmt"/>
        <line num="10" count="12" type="stmt"/>
        <line num="14" count="12" type="stmt"/>
        <line num="16" count="12" type="stmt"/>
        <line num="17" count="9" type="stmt"/>
        <line num="20" count="12" type="stmt"/>
        <line num="21" count="10" type="stmt"/>
        <line num="24" count="12" type="stmt"/>
        <line num="25" count="1" type="stmt"/>
      </file>
      <file name="extension.ts" path="/home/brais/Projects/vscode-phpserver/src/extension.ts">
        <metrics statements="19" coveredstatements="15" conditionals="4" coveredconditionals="0" methods="6" coveredmethods="2"/>
        <line num="1" count="1" type="stmt"/>
        <line num="2" count="1" type="stmt"/>
        <line num="3" count="1" type="stmt"/>
        <line num="4" count="1" type="stmt"/>
        <line num="6" count="1" type="stmt"/>
        <line num="13" count="1" type="stmt"/>
        <line num="14" count="0" type="stmt"/>
        <line num="17" count="1" type="stmt"/>
        <line num="22" count="4" type="stmt"/>
        <line num="24" count="4" type="stmt"/>
        <line num="28" count="4" type="stmt"/>
        <line num="34" count="4" type="stmt"/>
        <line num="40" count="4" type="stmt"/>
        <line num="46" count="4" type="stmt"/>
        <line num="55" count="4" type="stmt"/>
        <line num="62" count="0" type="cond" truecount="0" falsecount="2"/>
        <line num="79" count="0" type="stmt"/>
        <line num="81" count="0" type="stmt"/>
        <line num="93" count="1" type="stmt"/>
      </file>
      <file name="utils.ts" path="/home/brais/Projects/vscode-phpserver/src/utils.ts">
        <metrics statements="14" coveredstatements="11" conditionals="10" coveredconditionals="9" methods="5" coveredmethods="4"/>
        <line num="1" count="2" type="stmt"/>
        <line num="2" count="2" type="stmt"/>
        <line num="4" count="2" type="stmt"/>
        <line num="6" count="2" type="stmt"/>
        <line num="8" count="6" type="cond" truecount="6" falsecount="0"/>
        <line num="9" count="11" type="stmt"/>
        <line num="12" count="6" type="cond" truecount="2" falsecount="0"/>
        <line num="13" count="1" type="stmt"/>
        <line num="16" count="5" type="stmt"/>
        <line num="21" count="2" type="stmt"/>
        <line num="22" count="16" type="stmt"/>
        <line num="23" count="0" type="stmt"/>
        <line num="24" count="0" type="stmt"/>
        <line num="26" count="0" type="stmt"/>
      </file>
    </package>
    <package name="src.browser">
      <metrics statements="4" coveredstatements="4" conditionals="0" coveredconditionals="0" methods="2" coveredmethods="2"/>
      <file name="Browser.ts" path="/home/brais/Projects/vscode-phpserver/src/browser/Browser.ts">
        <metrics statements="4" coveredstatements="4" conditionals="0" coveredconditionals="0" methods="2" coveredmethods="2"/>
        <line num="1" count="2" type="stmt"/>
        <line num="7" count="2" type="stmt"/>
        <line num="8" count="15" type="stmt"/>
        <line num="11" count="15" type="stmt"/>
      </file>
    </package>
    <package name="src.controllers">
      <metrics statements="55" coveredstatements="51" conditionals="31" coveredconditionals="28" methods="11" coveredmethods="10"/>
      <file name="CommandController.ts" path="/home/brais/Projects/vscode-phpserver/src/controllers/CommandController.ts">
        <metrics statements="55" coveredstatements="51" conditionals="31" coveredconditionals="28" methods="11" coveredmethods="10"/>
        <line num="1" count="1" type="stmt"/>
        <line num="3" count="1" type="stmt"/>
        <line num="4" count="1" type="stmt"/>
        <line num="5" count="1" type="stmt"/>
        <line num="6" count="1" type="stmt"/>
        <line num="7" count="1" type="stmt"/>
        <line num="19" count="1" type="stmt"/>
        <line num="21" count="12" type="stmt"/>
        <line num="23" count="12" type="stmt"/>
        <line num="24" count="12" type="stmt"/>
        <line num="26" count="12" type="stmt"/>
        <line num="28" count="12" type="stmt"/>
        <line num="29" count="0" type="stmt"/>
        <line num="32" count="12" type="stmt"/>
        <line num="33" count="1" type="stmt"/>
        <line num="34" count="1" type="stmt"/>
        <line num="35" count="1" type="stmt"/>
        <line num="39" count="12" type="stmt"/>
        <line num="40" count="10" type="cond" truecount="2" falsecount="0"/>
        <line num="41" count="1" type="stmt"/>
        <line num="44" count="9" type="stmt"/>
        <line num="45" count="9" type="stmt"/>
        <line num="47" count="9" type="stmt"/>
        <line num="48" count="8" type="stmt"/>
        <line num="51" count="12" type="stmt"/>
        <line num="52" count="4" type="cond" truecount="2" falsecount="0"/>
        <line num="53" count="3" type="stmt"/>
        <line num="56" count="4" type="stmt"/>
        <line num="58" count="4" type="cond" truecount="2" falsecount="0"/>
        <line num="59" count="3" type="stmt"/>
        <line num="63" count="12" type="stmt"/>
        <line num="64" count="3" type="cond" truecount="2" falsecount="0"/>
        <line num="65" count="1" type="stmt"/>
        <line num="68" count="2" type="stmt"/>
        <line num="71" count="12" type="stmt"/>
        <line num="72" count="2" type="cond" truecount="2" falsecount="0"/>
        <line num="73" count="1" type="stmt"/>
        <line num="78" count="13" type="stmt"/>
        <line num="79" count="12" type="stmt"/>
        <line num="83" count="13" type="stmt"/>
        <line num="85" count="13" type="cond" truecount="2" falsecount="0"/>
        <line num="87" count="13" type="stmt"/>
        <line num="105" count="13" type="cond" truecount="3" falsecount="1"/>
        <line num="106" count="0" type="stmt"/>
        <line num="107" count="0" type="stmt"/>
        <line num="110" count="13" type="stmt"/>
        <line num="114" count="13" type="cond" truecount="1" falsecount="1"/>
        <line num="115" count="13" type="stmt"/>
        <line num="117" count="13" type="cond" truecount="4" falsecount="1"/>
        <line num="118" count="0" type="stmt"/>
        <line num="121" count="13" type="stmt"/>
        <line num="122" count="13" type="stmt"/>
        <line num="124" count="13" type="stmt"/>
        <line num="129" count="13" type="stmt"/>
        <line num="131" count="13" type="stmt"/>
      </file>
    </package>
    <package name="src.server">
      <metrics statements="34" coveredstatements="29" conditionals="40" coveredconditionals="30" methods="14" coveredmethods="12"/>
      <file name="PHPServer.ts" path="/home/brais/Projects/vscode-phpserver/src/server/PHPServer.ts">
        <metrics statements="34" coveredstatements="29" conditionals="40" coveredconditionals="30" methods="14" coveredmethods="12"/>
        <line num="1" count="1" type="stmt"/>
        <line num="2" count="1" type="stmt"/>
        <line num="18" count="1" type="stmt"/>
        <line num="20" count="12" type="stmt"/>
        <line num="26" count="36" type="stmt"/>
        <line num="30" count="13" type="stmt"/>
        <line num="32" count="12" type="stmt"/>
        <line num="34" count="12" type="stmt"/>
        <line num="42" count="12" type="stmt"/>
        <line num="46" count="5" type="cond" truecount="3" falsecount="1"/>
        <line num="47" count="5" type="stmt"/>
        <line num="51" count="19" type="stmt"/>
        <line num="55" count="13" type="stmt"/>
        <line num="62" count="13" type="stmt"/>
        <line num="66" count="13" type="cond" truecount="2" falsecount="0"/>
        <line num="67" count="1" type="stmt"/>
        <line num="72" count="12" type="stmt"/>
        <line num="79" count="12" type="cond" truecount="1" falsecount="1"/>
        <line num="80" count="0" type="stmt"/>
        <line num="81" count="0" type="stmt"/>
        <line num="84" count="12" type="cond" truecount="1" falsecount="1"/>
        <line num="85" count="0" type="stmt"/>
        <line num="88" count="12" type="stmt"/>
        <line num="92" count="12" type="stmt"/>
        <line num="93" count="36" type="stmt"/>
        <line num="101" count="36" type="cond" truecount="2" falsecount="0"/>
        <line num="102" count="12" type="cond" truecount="6" falsecount="2"/>
        <line num="103" count="0" type="stmt"/>
        <line num="105" count="12" type="cond" truecount="6" falsecount="2"/>
        <line num="106" count="0" type="stmt"/>
        <line num="108" count="24" type="cond" truecount="2" falsecount="0"/>
        <line num="109" count="12" type="cond" truecount="3" falsecount="1"/>
        <line num="110" count="1" type="cond" truecount="1" falsecount="1"/>
        <line num="113" count="12" type="cond" truecount="3" falsecount="1"/>
      </file>
    </package>
  </project>
</coverage>
