{"/home/brais/Projects/vscode-phpserver/src/BreakingChangesNotifier.ts": {"path":"/home/brais/Projects/vscode-phpserver/src/BreakingChangesNotifier.ts","statementMap":{"0":{"start":{"line":1,"column":0},"end":{"line":1,"column":33}},"1":{"start":{"line":2,"column":0},"end":{"line":2,"column":34}},"2":{"start":{"line":4,"column":21},"end":{"line":4,"column":41}},"3":{"start":{"line":6,"column":0},"end":{"line":6,"column":null}},"4":{"start":{"line":7,"column":2},"end":{"line":7,"column":null}},"5":{"start":{"line":11,"column":21},"end":{"line":11,"column":48}},"6":{"start":{"line":14,"column":4},"end":{"line":27,"column":null}},"7":{"start":{"line":18,"column":6},"end":{"line":26,"column":11}},"8":{"start":{"line":21,"column":10},"end":{"line":25,"column":14}},"9":{"start":{"line":22,"column":12},"end":{"line":25,"column":14}},"10":{"start":{"line":31,"column":22},"end":{"line":31,"column":66}},"11":{"start":{"line":33,"column":4},"end":{"line":33,"column":53}},"12":{"start":{"line":37,"column":4},"end":{"line":40,"column":6}},"13":{"start":{"line":10,"column":0},"end":{"line":10,"column":21}}},"fnMap":{"0":{"name":"(anonymous_0)","decl":{"start":{"line":6,"column":0},"end":{"line":6,"column":5}},"loc":{"start":{"line":6,"column":21},"end":{"line":8,"column":1}}},"1":{"name":"(anonymous_1)","decl":{"start":{"line":11,"column":2},"end":{"line":11,"column":21}},"loc":{"start":{"line":11,"column":48},"end":{"line":11,"column":52}}},"2":{"name":"(anonymous_2)","decl":{"start":{"line":13,"column":2},"end":{"line":13,"column":18}},"loc":{"start":{"line":13,"column":18},"end":{"line":28,"column":3}}},"3":{"name":"(anonymous_3)","decl":{"start":{"line":20,"column":14},"end":{"line":20,"column":15}},"loc":{"start":{"line":20,"column":25},"end":{"line":26,"column":9}}},"4":{"name":"(anonymous_4)","decl":{"start":{"line":30,"column":10},"end":{"line":30,"column":50}},"loc":{"start":{"line":30,"column":50},"end":{"line":34,"column":3}}},"5":{"name":"(anonymous_5)","decl":{"start":{"line":36,"column":10},"end":{"line":36,"column":44}},"loc":{"start":{"line":36,"column":44},"end":{"line":41,"column":3}}}},"branchMap":{"0":{"loc":{"start":{"line":6,"column":5},"end":{"line":6,"column":21}},"type":"binary-expr","locations":[{"start":{"line":6,"column":5},"end":{"line":6,"column":21}},{"start":{"line":6,"column":5},"end":{"line":6,"column":null}}]},"1":{"loc":{"start":{"line":14,"column":4},"end":{"line":27,"column":null}},"type":"if","locations":[{"start":{"line":14,"column":4},"end":{"line":27,"column":null}},{"start":{"line":14,"column":4},"end":{"line":27,"column":null}}]},"2":{"loc":{"start":{"line":15,"column":6},"end":{"line":15,"column":53}},"type":"binary-expr","locations":[{"start":{"line":15,"column":6},"end":{"line":15,"column":53}},{"start":{"line":16,"column":6},"end":{"line":16,"column":48}}]},"3":{"loc":{"start":{"line":21,"column":10},"end":{"line":25,"column":14}},"type":"if","locations":[{"start":{"line":21,"column":10},"end":{"line":25,"column":14}},{"start":{"line":21,"column":10},"end":{"line":25,"column":14}}]},"4":{"loc":{"start":{"line":33,"column":20},"end":{"line":33,"column":22}},"type":"cond-expr","locations":[{"start":{"line":33,"column":20},"end":{"line":33,"column":22}},{"start":{"line":33,"column":11},"end":{"line":33,"column":41}}]},"5":{"loc":{"start":{"line":33,"column":11},"end":{"line":33,"column":22}},"type":"binary-expr","locations":[{"start":{"line":33,"column":11},"end":{"line":33,"column":22}},{"start":{"line":33,"column":11},"end":{"line":33,"column":22}}]}},"s":{"0":1,"1":1,"2":1,"3":1,"4":1,"5":4,"6":4,"7":3,"8":3,"9":2,"10":4,"11":4,"12":4,"13":1},"f":{"0":1,"1":4,"2":4,"3":3,"4":4,"5":4},"b":{"0":[1,1],"1":[3,1],"2":[4,4],"3":[2,1],"4":[0,4],"5":[4,4]}}
,"/home/brais/Projects/vscode-phpserver/src/Messages.ts": {"path":"/home/brais/Projects/vscode-phpserver/src/Messages.ts","statementMap":{"0":{"start":{"line":1,"column":0},"end":{"line":10,"column":2}}},"fnMap":{},"branchMap":{},"s":{"0":2},"f":{},"b":{}}
,"/home/brais/Projects/vscode-phpserver/src/VSCodeLogger.ts": {"path":"/home/brais/Projects/vscode-phpserver/src/VSCodeLogger.ts","statementMap":{"0":{"start":{"line":1,"column":0},"end":{"line":1,"column":33}},"1":{"start":{"line":14,"column":22},"end":{"line":14,"column":34}},"2":{"start":{"line":10,"column":10},"end":{"line":12,"column":4}},"3":{"start":{"line":16,"column":2},"end":{"line":18,"column":4}},"4":{"start":{"line":17,"column":4},"end":{"line":17,"column":31}},"5":{"start":{"line":20,"column":2},"end":{"line":22,"column":4}},"6":{"start":{"line":21,"column":4},"end":{"line":21,"column":30}},"7":{"start":{"line":24,"column":2},"end":{"line":26,"column":4}},"8":{"start":{"line":25,"column":4},"end":{"line":25,"column":43}},"9":{"start":{"line":9,"column":0},"end":{"line":9,"column":21}}},"fnMap":{"0":{"name":"(anonymous_0)","decl":{"start":{"line":14,"column":2},"end":{"line":14,"column":22}},"loc":{"start":{"line":14,"column":34},"end":{"line":14,"column":38}}},"1":{"name":"(anonymous_1)","decl":{"start":{"line":16,"column":10},"end":{"line":16,"column":13}},"loc":{"start":{"line":16,"column":15},"end":{"line":18,"column":3}}},"2":{"name":"(anonymous_2)","decl":{"start":{"line":20,"column":9},"end":{"line":20,"column":12}},"loc":{"start":{"line":20,"column":14},"end":{"line":22,"column":3}}},"3":{"name":"(anonymous_3)","decl":{"start":{"line":24,"column":15},"end":{"line":24,"column":16}},"loc":{"start":{"line":24,"column":35},"end":{"line":26,"column":3}}}},"branchMap":{},"s":{"0":1,"1":12,"2":12,"3":12,"4":9,"5":12,"6":10,"7":12,"8":1,"9":1},"f":{"0":12,"1":9,"2":10,"3":1},"b":{}}
,"/home/brais/Projects/vscode-phpserver/src/extension.ts": {"path":"/home/brais/Projects/vscode-phpserver/src/extension.ts","statementMap":{"0":{"start":{"line":1,"column":0},"end":{"line":1,"column":33}},"1":{"start":{"line":2,"column":0},"end":{"line":2,"column":64}},"2":{"start":{"line":3,"column":0},"end":{"line":3,"column":64}},"3":{"start":{"line":4,"column":0},"end":{"line":4,"column":56}},"4":{"start":{"line":6,"column":23},"end":{"line":6,"column":34}},"5":{"start":{"line":13,"column":21},"end":{"line":15,"column":2}},"6":{"start":{"line":14,"column":2},"end":{"line":14,"column":48}},"7":{"start":{"line":22,"column":2},"end":{"line":22,"column":62}},"8":{"start":{"line":24,"column":21},"end":{"line":25,"column":null}},"9":{"start":{"line":28,"column":2},"end":{"line":33,"column":4}},"10":{"start":{"line":34,"column":2},"end":{"line":39,"column":4}},"11":{"start":{"line":40,"column":2},"end":{"line":45,"column":4}},"12":{"start":{"line":46,"column":2},"end":{"line":51,"column":4}},"13":{"start":{"line":17,"column":0},"end":{"line":17,"column":22}},"14":{"start":{"line":55,"column":2},"end":{"line":64,"column":4}},"15":{"start":{"line":62,"column":38},"end":{"line":63,"column":null}},"16":{"start":{"line":79,"column":17},"end":{"line":79,"column":66}},"17":{"start":{"line":81,"column":2},"end":{"line":90,"column":4}},"18":{"start":{"line":93,"column":0},"end":{"line":93,"column":16}}},"fnMap":{"0":{"name":"(anonymous_7)","decl":{"start":{"line":13,"column":38},"end":{"line":13,"column":39}},"loc":{"start":{"line":13,"column":48},"end":{"line":15,"column":1}}},"1":{"name":"activate","decl":{"start":{"line":17,"column":22},"end":{"line":17,"column":30}},"loc":{"start":{"line":21,"column":19},"end":{"line":52,"column":null}}},"2":{"name":"getCommandControllerContext","decl":{"start":{"line":54,"column":9},"end":{"line":54,"column":36}},"loc":{"start":{"line":54,"column":58},"end":{"line":65,"column":1}}},"3":{"name":"(anonymous_11)","decl":{"start":{"line":62,"column":33},"end":{"line":62,"column":36}},"loc":{"start":{"line":62,"column":38},"end":{"line":63,"column":null}}},"4":{"name":"getExtensionConfiguration","decl":{"start":{"line":78,"column":9},"end":{"line":78,"column":34}},"loc":{"start":{"line":78,"column":34},"end":{"line":91,"column":1}}},"5":{"name":"deactivate","decl":{"start":{"line":93,"column":16},"end":{"line":93,"column":26}},"loc":{"start":{"line":93,"column":26},"end":{"line":93,"column":31}}}},"branchMap":{"0":{"loc":{"start":{"line":63,"column":36},"end":{"line":63,"column":38}},"type":"cond-expr","locations":[{"start":{"line":63,"column":36},"end":{"line":63,"column":38}},{"start":{"line":63,"column":36},"end":{"line":63,"column":55}}]},"1":{"loc":{"start":{"line":62,"column":38},"end":{"line":63,"column":38}},"type":"binary-expr","locations":[{"start":{"line":62,"column":38},"end":{"line":63,"column":38}},{"start":{"line":63,"column":36},"end":{"line":63,"column":38}}]}},"s":{"0":1,"1":1,"2":1,"3":1,"4":1,"5":1,"6":0,"7":4,"8":4,"9":4,"10":4,"11":4,"12":4,"13":1,"14":4,"15":0,"16":0,"17":0,"18":1},"f":{"0":0,"1":4,"2":4,"3":0,"4":0,"5":0},"b":{"0":[0,0],"1":[0,0]}}
,"/home/brais/Projects/vscode-phpserver/src/utils.ts": {"path":"/home/brais/Projects/vscode-phpserver/src/utils.ts","statementMap":{"0":{"start":{"line":1,"column":0},"end":{"line":1,"column":33}},"1":{"start":{"line":2,"column":0},"end":{"line":2,"column":33}},"2":{"start":{"line":4,"column":0},"end":{"line":4,"column":39}},"3":{"start":{"line":8,"column":4},"end":{"line":10,"column":11}},"4":{"start":{"line":9,"column":27},"end":{"line":9,"column":53}},"5":{"start":{"line":12,"column":2},"end":{"line":14,"column":null}},"6":{"start":{"line":13,"column":4},"end":{"line":13,"column":11}},"7":{"start":{"line":16,"column":2},"end":{"line":18,"column":16}},"8":{"start":{"line":6,"column":0},"end":{"line":6,"column":16}},"9":{"start":{"line":22,"column":2},"end":{"line":28,"column":4}},"10":{"start":{"line":22,"column":27},"end":{"line":28,"column":3}},"11":{"start":{"line":23,"column":4},"end":{"line":27,"column":null}},"12":{"start":{"line":24,"column":6},"end":{"line":24,"column":25}},"13":{"start":{"line":26,"column":6},"end":{"line":26,"column":26}},"14":{"start":{"line":21,"column":0},"end":{"line":21,"column":16}}},"fnMap":{"0":{"name":"getRootPath","decl":{"start":{"line":6,"column":16},"end":{"line":6,"column":27}},"loc":{"start":{"line":6,"column":27},"end":{"line":19,"column":1}}},"1":{"name":"(anonymous_1)","decl":{"start":{"line":9,"column":6},"end":{"line":9,"column":7}},"loc":{"start":{"line":9,"column":27},"end":{"line":9,"column":53}}},"2":{"name":"withErrorHandler","decl":{"start":{"line":21,"column":16},"end":{"line":21,"column":32}},"loc":{"start":{"line":21,"column":69},"end":{"line":29,"column":1}}},"3":{"name":"(anonymous_3)","decl":{"start":{"line":22,"column":9},"end":{"line":22,"column":10}},"loc":{"start":{"line":22,"column":27},"end":{"line":28,"column":3}}},"4":{"name":"(anonymous_4)","decl":{"start":{"line":22,"column":27},"end":{"line":22,"column":28}},"loc":{"start":{"line":22,"column":46},"end":{"line":28,"column":3}}}},"branchMap":{"0":{"loc":{"start":{"line":8,"column":4},"end":{"line":9,"column":null}},"type":"binary-expr","locations":[{"start":{"line":8,"column":4},"end":{"line":9,"column":null}},{"start":{"line":10,"column":9},"end":{"line":10,"column":11}}]},"1":{"loc":{"start":{"line":8,"column":37},"end":{"line":8,"column":39}},"type":"cond-expr","locations":[{"start":{"line":8,"column":37},"end":{"line":8,"column":39}},{"start":{"line":8,"column":37},"end":{"line":9,"column":null}}]},"2":{"loc":{"start":{"line":8,"column":4},"end":{"line":8,"column":39}},"type":"binary-expr","locations":[{"start":{"line":8,"column":4},"end":{"line":8,"column":39}},{"start":{"line":8,"column":37},"end":{"line":8,"column":39}}]},"3":{"loc":{"start":{"line":12,"column":2},"end":{"line":14,"column":null}},"type":"if","locations":[{"start":{"line":12,"column":2},"end":{"line":14,"column":null}},{"start":{"line":12,"column":2},"end":{"line":14,"column":null}}]},"4":{"loc":{"start":{"line":17,"column":6},"end":{"line":17,"column":59}},"type":"cond-expr","locations":[{"start":{"line":17,"column":6},"end":{"line":17,"column":59}},{"start":{"line":18,"column":6},"end":{"line":18,"column":15}}]}},"s":{"0":2,"1":2,"2":2,"3":6,"4":11,"5":6,"6":1,"7":5,"8":2,"9":1,"10":16,"11":0,"12":0,"13":0,"14":2},"f":{"0":6,"1":11,"2":1,"3":16,"4":0},"b":{"0":[6,1],"1":[1,5],"2":[6,6],"3":[1,5],"4":[5,0]}}
,"/home/brais/Projects/vscode-phpserver/src/browser/Browser.ts": {"path":"/home/brais/Projects/vscode-phpserver/src/browser/Browser.ts","statementMap":{"0":{"start":{"line":1,"column":0},"end":{"line":1,"column":29}},"1":{"start":{"line":8,"column":22},"end":{"line":8,"column":38}},"2":{"start":{"line":11,"column":4},"end":{"line":11,"column":48}},"3":{"start":{"line":7,"column":0},"end":{"line":7,"column":13}}},"fnMap":{"0":{"name":"(anonymous_0)","decl":{"start":{"line":8,"column":2},"end":{"line":8,"column":22}},"loc":{"start":{"line":8,"column":38},"end":{"line":8,"column":42}}},"1":{"name":"(anonymous_1)","decl":{"start":{"line":10,"column":2},"end":{"line":10,"column":6}},"loc":{"start":{"line":10,"column":18},"end":{"line":12,"column":3}}}},"branchMap":{},"s":{"0":2,"1":15,"2":15,"3":2},"f":{"0":15,"1":15},"b":{}}
,"/home/brais/Projects/vscode-phpserver/src/controllers/CommandController.ts": {"path":"/home/brais/Projects/vscode-phpserver/src/controllers/CommandController.ts","statementMap":{"0":{"start":{"line":1,"column":0},"end":{"line":1,"column":65}},"1":{"start":{"line":3,"column":0},"end":{"line":3,"column":30}},"2":{"start":{"line":4,"column":0},"end":{"line":4,"column":32}},"3":{"start":{"line":5,"column":0},"end":{"line":5,"column":48}},"4":{"start":{"line":6,"column":0},"end":{"line":6,"column":35}},"5":{"start":{"line":7,"column":0},"end":{"line":7,"column":55}},"6":{"start":{"line":23,"column":22},"end":{"line":23,"column":55}},"7":{"start":{"line":21,"column":10},"end":{"line":21,"column":58}},"8":{"start":{"line":39,"column":2},"end":{"line":49,"column":4}},"9":{"start":{"line":40,"column":4},"end":{"line":42,"column":null}},"10":{"start":{"line":41,"column":6},"end":{"line":41,"column":54}},"11":{"start":{"line":44,"column":4},"end":{"line":44,"column":24}},"12":{"start":{"line":45,"column":4},"end":{"line":45,"column":23}},"13":{"start":{"line":47,"column":4},"end":{"line":47,"column":23}},"14":{"start":{"line":48,"column":4},"end":{"line":48,"column":33}},"15":{"start":{"line":51,"column":2},"end":{"line":61,"column":4}},"16":{"start":{"line":52,"column":4},"end":{"line":54,"column":null}},"17":{"start":{"line":53,"column":6},"end":{"line":53,"column":25}},"18":{"start":{"line":56,"column":4},"end":{"line":56,"column":23}},"19":{"start":{"line":58,"column":4},"end":{"line":60,"column":null}},"20":{"start":{"line":59,"column":6},"end":{"line":59,"column":35}},"21":{"start":{"line":63,"column":2},"end":{"line":69,"column":4}},"22":{"start":{"line":64,"column":4},"end":{"line":66,"column":null}},"23":{"start":{"line":65,"column":6},"end":{"line":65,"column":50}},"24":{"start":{"line":68,"column":4},"end":{"line":68,"column":33}},"25":{"start":{"line":71,"column":2},"end":{"line":75,"column":4}},"26":{"start":{"line":72,"column":4},"end":{"line":74,"column":null}},"27":{"start":{"line":73,"column":6},"end":{"line":73,"column":25}},"28":{"start":{"line":24,"column":4},"end":{"line":24,"column":34}},"29":{"start":{"line":26,"column":4},"end":{"line":26,"column":51}},"30":{"start":{"line":28,"column":4},"end":{"line":30,"column":7}},"31":{"start":{"line":29,"column":6},"end":{"line":29,"column":51}},"32":{"start":{"line":32,"column":4},"end":{"line":36,"column":7}},"33":{"start":{"line":33,"column":6},"end":{"line":33,"column":25}},"34":{"start":{"line":34,"column":6},"end":{"line":34,"column":43}},"35":{"start":{"line":35,"column":6},"end":{"line":35,"column":25}},"36":{"start":{"line":78,"column":4},"end":{"line":78,"column":53}},"37":{"start":{"line":79,"column":4},"end":{"line":79,"column":50}},"38":{"start":{"line":83,"column":28},"end":{"line":83,"column":69}},"39":{"start":{"line":85,"column":25},"end":{"line":85,"column":60}},"40":{"start":{"line":87,"column":4},"end":{"line":98,"column":6}},"41":{"start":{"line":105,"column":4},"end":{"line":108,"column":null}},"42":{"start":{"line":106,"column":6},"end":{"line":106,"column":58}},"43":{"start":{"line":107,"column":6},"end":{"line":107,"column":71}},"44":{"start":{"line":110,"column":4},"end":{"line":110,"column":32}},"45":{"start":{"line":114,"column":27},"end":{"line":114,"column":63}},"46":{"start":{"line":115,"column":21},"end":{"line":115,"column":47}},"47":{"start":{"line":117,"column":4},"end":{"line":119,"column":null}},"48":{"start":{"line":118,"column":6},"end":{"line":118,"column":13}},"49":{"start":{"line":121,"column":24},"end":{"line":121,"column":65}},"50":{"start":{"line":122,"column":37},"end":{"line":122,"column":79}},"51":{"start":{"line":124,"column":37},"end":{"line":127,"column":25}},"52":{"start":{"line":129,"column":16},"end":{"line":129,"column":68}},"53":{"start":{"line":131,"column":4},"end":{"line":131,"column":38}},"54":{"start":{"line":19,"column":0},"end":{"line":19,"column":21}}},"fnMap":{"0":{"name":"(anonymous_0)","decl":{"start":{"line":23,"column":2},"end":{"line":23,"column":22}},"loc":{"start":{"line":23,"column":55},"end":{"line":37,"column":3}}},"1":{"name":"(anonymous_1)","decl":{"start":{"line":39,"column":17},"end":{"line":39,"column":26}},"loc":{"start":{"line":39,"column":28},"end":{"line":49,"column":3}}},"2":{"name":"(anonymous_2)","decl":{"start":{"line":51,"column":17},"end":{"line":51,"column":26}},"loc":{"start":{"line":51,"column":28},"end":{"line":61,"column":3}}},"3":{"name":"(anonymous_3)","decl":{"start":{"line":63,"column":22},"end":{"line":63,"column":31}},"loc":{"start":{"line":63,"column":33},"end":{"line":69,"column":3}}},"4":{"name":"(anonymous_4)","decl":{"start":{"line":71,"column":15},"end":{"line":71,"column":24}},"loc":{"start":{"line":71,"column":26},"end":{"line":75,"column":3}}},"5":{"name":"(anonymous_5)","decl":{"start":{"line":28,"column":28},"end":{"line":28,"column":31}},"loc":{"start":{"line":28,"column":33},"end":{"line":30,"column":5}}},"6":{"name":"(anonymous_6)","decl":{"start":{"line":32,"column":28},"end":{"line":32,"column":29}},"loc":{"start":{"line":32,"column":45},"end":{"line":36,"column":5}}},"7":{"name":"(anonymous_7)","decl":{"start":{"line":77,"column":10},"end":{"line":77,"column":21}},"loc":{"start":{"line":77,"column":21},"end":{"line":80,"column":3}}},"8":{"name":"(anonymous_8)","decl":{"start":{"line":82,"column":10},"end":{"line":82,"column":32}},"loc":{"start":{"line":82,"column":32},"end":{"line":99,"column":3}}},"9":{"name":"(anonymous_9)","decl":{"start":{"line":101,"column":10},"end":{"line":101,"column":32}},"loc":{"start":{"line":103,"column":33},"end":{"line":111,"column":3}}},"10":{"name":"(anonymous_10)","decl":{"start":{"line":113,"column":10},"end":{"line":113,"column":31}},"loc":{"start":{"line":113,"column":31},"end":{"line":132,"column":3}}}},"branchMap":{"0":{"loc":{"start":{"line":40,"column":4},"end":{"line":42,"column":null}},"type":"if","locations":[{"start":{"line":40,"column":4},"end":{"line":42,"column":null}},{"start":{"line":40,"column":4},"end":{"line":42,"column":null}}]},"1":{"loc":{"start":{"line":52,"column":4},"end":{"line":54,"column":null}},"type":"if","locations":[{"start":{"line":52,"column":4},"end":{"line":54,"column":null}},{"start":{"line":52,"column":4},"end":{"line":54,"column":null}}]},"2":{"loc":{"start":{"line":58,"column":4},"end":{"line":60,"column":null}},"type":"if","locations":[{"start":{"line":58,"column":4},"end":{"line":60,"column":null}},{"start":{"line":58,"column":4},"end":{"line":60,"column":null}}]},"3":{"loc":{"start":{"line":64,"column":4},"end":{"line":66,"column":null}},"type":"if","locations":[{"start":{"line":64,"column":4},"end":{"line":66,"column":null}},{"start":{"line":64,"column":4},"end":{"line":66,"column":null}}]},"4":{"loc":{"start":{"line":72,"column":4},"end":{"line":74,"column":null}},"type":"if","locations":[{"start":{"line":72,"column":4},"end":{"line":74,"column":null}},{"start":{"line":72,"column":4},"end":{"line":74,"column":null}}]},"5":{"loc":{"start":{"line":85,"column":25},"end":{"line":85,"column":53}},"type":"binary-expr","locations":[{"start":{"line":85,"column":25},"end":{"line":85,"column":53}},{"start":{"line":85,"column":57},"end":{"line":85,"column":60}}]},"6":{"loc":{"start":{"line":88,"column":12},"end":{"line":88,"column":30}},"type":"binary-expr","locations":[{"start":{"line":88,"column":12},"end":{"line":88,"column":30}},{"start":{"line":88,"column":34},"end":{"line":88,"column":45}}]},"7":{"loc":{"start":{"line":89,"column":12},"end":{"line":89,"column":32}},"type":"binary-expr","locations":[{"start":{"line":89,"column":12},"end":{"line":89,"column":32}},{"start":{"line":89,"column":36},"end":{"line":89,"column":40}}]},"8":{"loc":{"start":{"line":92,"column":25},"end":{"line":92,"column":48}},"type":"binary-expr","locations":[{"start":{"line":92,"column":25},"end":{"line":92,"column":48}},{"start":{"line":92,"column":52},"end":{"line":92,"column":57}}]},"9":{"loc":{"start":{"line":105,"column":4},"end":{"line":108,"column":null}},"type":"if","locations":[{"start":{"line":105,"column":4},"end":{"line":108,"column":null}},{"start":{"line":105,"column":4},"end":{"line":108,"column":null}}]},"10":{"loc":{"start":{"line":105,"column":8},"end":{"line":105,"column":29}},"type":"binary-expr","locations":[{"start":{"line":105,"column":8},"end":{"line":105,"column":29}},{"start":{"line":105,"column":33},"end":{"line":105,"column":55}}]},"11":{"loc":{"start":{"line":114,"column":27},"end":{"line":114,"column":57}},"type":"binary-expr","locations":[{"start":{"line":114,"column":27},"end":{"line":114,"column":57}},{"start":{"line":114,"column":61},"end":{"line":114,"column":63}}]},"12":{"loc":{"start":{"line":117,"column":4},"end":{"line":119,"column":null}},"type":"if","locations":[{"start":{"line":117,"column":4},"end":{"line":119,"column":null}},{"start":{"line":117,"column":4},"end":{"line":119,"column":null}}]},"13":{"loc":{"start":{"line":117,"column":8},"end":{"line":117,"column":17}},"type":"binary-expr","locations":[{"start":{"line":117,"column":8},"end":{"line":117,"column":17}},{"start":{"line":117,"column":21},"end":{"line":117,"column":26}},{"start":{"line":117,"column":30},"end":{"line":117,"column":35}}]},"14":{"loc":{"start":{"line":126,"column":6},"end":{"line":126,"column":30}},"type":"binary-expr","locations":[{"start":{"line":126,"column":6},"end":{"line":126,"column":30}},{"start":{"line":126,"column":34},"end":{"line":126,"column":42}}]}},"s":{"0":1,"1":1,"2":1,"3":1,"4":1,"5":1,"6":12,"7":12,"8":12,"9":10,"10":1,"11":9,"12":9,"13":9,"14":8,"15":12,"16":4,"17":3,"18":4,"19":4,"20":3,"21":12,"22":3,"23":1,"24":2,"25":12,"26":2,"27":1,"28":12,"29":12,"30":12,"31":0,"32":12,"33":1,"34":1,"35":1,"36":13,"37":12,"38":13,"39":13,"40":13,"41":13,"42":0,"43":0,"44":13,"45":13,"46":13,"47":13,"48":0,"49":13,"50":13,"51":13,"52":13,"53":13,"54":1},"f":{"0":12,"1":10,"2":4,"3":3,"4":2,"5":0,"6":1,"7":13,"8":13,"9":13,"10":13},"b":{"0":[1,9],"1":[3,1],"2":[3,1],"3":[1,2],"4":[1,1],"5":[13,1],"6":[13,1],"7":[13,1],"8":[13,13],"9":[0,13],"10":[13,13],"11":[13,0],"12":[0,13],"13":[13,13,13],"14":[13,11]}}
,"/home/brais/Projects/vscode-phpserver/src/server/PHPServer.ts": {"path":"/home/brais/Projects/vscode-phpserver/src/server/PHPServer.ts","statementMap":{"0":{"start":{"line":1,"column":0},"end":{"line":1,"column":63}},"1":{"start":{"line":2,"column":0},"end":{"line":2,"column":35}},"2":{"start":{"line":20,"column":10},"end":{"line":20,"column":67}},"3":{"start":{"line":26,"column":4},"end":{"line":26,"column":42}},"4":{"start":{"line":30,"column":4},"end":{"line":30,"column":77}},"5":{"start":{"line":32,"column":4},"end":{"line":32,"column":25}},"6":{"start":{"line":34,"column":4},"end":{"line":40,"column":6}},"7":{"start":{"line":42,"column":4},"end":{"line":42,"column":33}},"8":{"start":{"line":46,"column":4},"end":{"line":46,"column":25}},"9":{"start":{"line":47,"column":4},"end":{"line":47,"column":29}},"10":{"start":{"line":51,"column":4},"end":{"line":51,"column":26}},"11":{"start":{"line":55,"column":4},"end":{"line":55,"column":23}},"12":{"start":{"line":62,"column":23},"end":{"line":64,"column":6}},"13":{"start":{"line":66,"column":4},"end":{"line":68,"column":null}},"14":{"start":{"line":67,"column":6},"end":{"line":67,"column":46}},"15":{"start":{"line":72,"column":27},"end":{"line":77,"column":6}},"16":{"start":{"line":79,"column":4},"end":{"line":82,"column":null}},"17":{"start":{"line":80,"column":6},"end":{"line":80,"column":22}},"18":{"start":{"line":81,"column":6},"end":{"line":81,"column":38}},"19":{"start":{"line":84,"column":4},"end":{"line":86,"column":null}},"20":{"start":{"line":85,"column":6},"end":{"line":85,"column":38}},"21":{"start":{"line":88,"column":4},"end":{"line":88,"column":16}},"22":{"start":{"line":92,"column":4},"end":{"line":94,"column":7}},"23":{"start":{"line":93,"column":6},"end":{"line":93,"column":59}},"24":{"start":{"line":101,"column":4},"end":{"line":114,"column":null}},"25":{"start":{"line":102,"column":6},"end":{"line":104,"column":9}},"26":{"start":{"line":103,"column":8},"end":{"line":103,"column":38}},"27":{"start":{"line":105,"column":6},"end":{"line":107,"column":9}},"28":{"start":{"line":106,"column":8},"end":{"line":106,"column":38}},"29":{"start":{"line":108,"column":11},"end":{"line":114,"column":null}},"30":{"start":{"line":109,"column":6},"end":{"line":111,"column":9}},"31":{"start":{"line":110,"column":8},"end":{"line":110,"column":51}},"32":{"start":{"line":113,"column":6},"end":{"line":113,"column":44}},"33":{"start":{"line":18,"column":0},"end":{"line":18,"column":21}}},"fnMap":{"0":{"name":"(anonymous_0)","decl":{"start":{"line":23,"column":2},"end":{"line":23,"column":17}},"loc":{"start":{"line":23,"column":2},"end":{"line":23,"column":18}}},"1":{"name":"(anonymous_1)","decl":{"start":{"line":25,"column":2},"end":{"line":25,"column":4}},"loc":{"start":{"line":25,"column":52},"end":{"line":27,"column":3}}},"2":{"name":"(anonymous_2)","decl":{"start":{"line":29,"column":2},"end":{"line":29,"column":7}},"loc":{"start":{"line":29,"column":31},"end":{"line":43,"column":3}}},"3":{"name":"(anonymous_3)","decl":{"start":{"line":45,"column":2},"end":{"line":45,"column":6}},"loc":{"start":{"line":45,"column":6},"end":{"line":48,"column":3}}},"4":{"name":"(anonymous_4)","decl":{"start":{"line":50,"column":2},"end":{"line":50,"column":11}},"loc":{"start":{"line":50,"column":11},"end":{"line":52,"column":3}}},"5":{"name":"(anonymous_5)","decl":{"start":{"line":54,"column":2},"end":{"line":54,"column":18}},"loc":{"start":{"line":54,"column":18},"end":{"line":56,"column":3}}},"6":{"name":"(anonymous_6)","decl":{"start":{"line":58,"column":10},"end":{"line":58,"column":34}},"loc":{"start":{"line":60,"column":20},"end":{"line":69,"column":3}}},"7":{"name":"(anonymous_7)","decl":{"start":{"line":71,"column":10},"end":{"line":71,"column":24}},"loc":{"start":{"line":71,"column":48},"end":{"line":89,"column":3}}},"8":{"name":"(anonymous_8)","decl":{"start":{"line":91,"column":10},"end":{"line":91,"column":31}},"loc":{"start":{"line":91,"column":31},"end":{"line":95,"column":3}}},"9":{"name":"(anonymous_9)","decl":{"start":{"line":92,"column":27},"end":{"line":92,"column":28}},"loc":{"start":{"line":92,"column":53},"end":{"line":94,"column":5}}},"10":{"name":"(anonymous_10)","decl":{"start":{"line":97,"column":10},"end":{"line":97,"column":36}},"loc":{"start":{"line":99,"column":36},"end":{"line":115,"column":3}}},"11":{"name":"(anonymous_11)","decl":{"start":{"line":102,"column":38},"end":{"line":102,"column":39}},"loc":{"start":{"line":102,"column":61},"end":{"line":104,"column":7}}},"12":{"name":"(anonymous_12)","decl":{"start":{"line":105,"column":38},"end":{"line":105,"column":39}},"loc":{"start":{"line":105,"column":61},"end":{"line":107,"column":7}}},"13":{"name":"(anonymous_13)","decl":{"start":{"line":109,"column":30},"end":{"line":109,"column":31}},"loc":{"start":{"line":109,"column":47},"end":{"line":111,"column":7}}}},"branchMap":{"0":{"loc":{"start":{"line":46,"column":16},"end":{"line":46,"column":18}},"type":"cond-expr","locations":[{"start":{"line":46,"column":16},"end":{"line":46,"column":18}},{"start":{"line":46,"column":16},"end":{"line":46,"column":25}}]},"1":{"loc":{"start":{"line":46,"column":4},"end":{"line":46,"column":18}},"type":"binary-expr","locations":[{"start":{"line":46,"column":4},"end":{"line":46,"column":18}},{"start":{"line":46,"column":16},"end":{"line":46,"column":18}}]},"2":{"loc":{"start":{"line":66,"column":4},"end":{"line":68,"column":null}},"type":"if","locations":[{"start":{"line":66,"column":4},"end":{"line":68,"column":null}},{"start":{"line":66,"column":4},"end":{"line":68,"column":null}}]},"3":{"loc":{"start":{"line":79,"column":4},"end":{"line":82,"column":null}},"type":"if","locations":[{"start":{"line":79,"column":4},"end":{"line":82,"column":null}},{"start":{"line":79,"column":4},"end":{"line":82,"column":null}}]},"4":{"loc":{"start":{"line":84,"column":4},"end":{"line":86,"column":null}},"type":"if","locations":[{"start":{"line":84,"column":4},"end":{"line":86,"column":null}},{"start":{"line":84,"column":4},"end":{"line":86,"column":null}}]},"5":{"loc":{"start":{"line":101,"column":4},"end":{"line":114,"column":null}},"type":"if","locations":[{"start":{"line":101,"column":4},"end":{"line":114,"column":null}},{"start":{"line":101,"column":4},"end":{"line":114,"column":null}}]},"6":{"loc":{"start":{"line":102,"column":26},"end":{"line":102,"column":28}},"type":"cond-expr","locations":[{"start":{"line":102,"column":26},"end":{"line":102,"column":28}},{"start":{"line":102,"column":26},"end":{"line":104,"column":9}}]},"7":{"loc":{"start":{"line":102,"column":6},"end":{"line":102,"column":28}},"type":"binary-expr","locations":[{"start":{"line":102,"column":6},"end":{"line":102,"column":28}},{"start":{"line":102,"column":26},"end":{"line":102,"column":28}}]},"8":{"loc":{"start":{"line":102,"column":18},"end":{"line":102,"column":20}},"type":"cond-expr","locations":[{"start":{"line":102,"column":18},"end":{"line":102,"column":20}},{"start":{"line":102,"column":18},"end":{"line":102,"column":26}}]},"9":{"loc":{"start":{"line":102,"column":6},"end":{"line":102,"column":20}},"type":"binary-expr","locations":[{"start":{"line":102,"column":6},"end":{"line":102,"column":20}},{"start":{"line":102,"column":18},"end":{"line":102,"column":20}}]},"10":{"loc":{"start":{"line":105,"column":26},"end":{"line":105,"column":28}},"type":"cond-expr","locations":[{"start":{"line":105,"column":26},"end":{"line":105,"column":28}},{"start":{"line":105,"column":26},"end":{"line":107,"column":9}}]},"11":{"loc":{"start":{"line":105,"column":6},"end":{"line":105,"column":28}},"type":"binary-expr","locations":[{"start":{"line":105,"column":6},"end":{"line":105,"column":28}},{"start":{"line":105,"column":26},"end":{"line":105,"column":28}}]},"12":{"loc":{"start":{"line":105,"column":18},"end":{"line":105,"column":20}},"type":"cond-expr","locations":[{"start":{"line":105,"column":18},"end":{"line":105,"column":20}},{"start":{"line":105,"column":18},"end":{"line":105,"column":26}}]},"13":{"loc":{"start":{"line":105,"column":6},"end":{"line":105,"column":20}},"type":"binary-expr","locations":[{"start":{"line":105,"column":6},"end":{"line":105,"column":20}},{"start":{"line":105,"column":18},"end":{"line":105,"column":20}}]},"14":{"loc":{"start":{"line":108,"column":11},"end":{"line":114,"column":null}},"type":"if","locations":[{"start":{"line":108,"column":11},"end":{"line":114,"column":null}},{"start":{"line":108,"column":11},"end":{"line":114,"column":null}}]},"15":{"loc":{"start":{"line":109,"column":18},"end":{"line":109,"column":20}},"type":"cond-expr","locations":[{"start":{"line":109,"column":18},"end":{"line":109,"column":20}},{"start":{"line":109,"column":18},"end":{"line":111,"column":9}}]},"16":{"loc":{"start":{"line":109,"column":6},"end":{"line":109,"column":20}},"type":"binary-expr","locations":[{"start":{"line":109,"column":6},"end":{"line":109,"column":20}},{"start":{"line":109,"column":18},"end":{"line":109,"column":20}}]},"17":{"loc":{"start":{"line":110,"column":21},"end":{"line":110,"column":32}},"type":"binary-expr","locations":[{"start":{"line":110,"column":21},"end":{"line":110,"column":32}},{"start":{"line":110,"column":36},"end":{"line":110,"column":49}}]},"18":{"loc":{"start":{"line":113,"column":18},"end":{"line":113,"column":20}},"type":"cond-expr","locations":[{"start":{"line":113,"column":18},"end":{"line":113,"column":20}},{"start":{"line":113,"column":18},"end":{"line":113,"column":44}}]},"19":{"loc":{"start":{"line":113,"column":6},"end":{"line":113,"column":20}},"type":"binary-expr","locations":[{"start":{"line":113,"column":6},"end":{"line":113,"column":20}},{"start":{"line":113,"column":18},"end":{"line":113,"column":20}}]}},"s":{"0":1,"1":1,"2":12,"3":36,"4":13,"5":12,"6":12,"7":12,"8":5,"9":5,"10":19,"11":13,"12":13,"13":13,"14":1,"15":12,"16":12,"17":0,"18":0,"19":12,"20":0,"21":12,"22":12,"23":36,"24":36,"25":12,"26":0,"27":12,"28":0,"29":24,"30":12,"31":1,"32":12,"33":1},"f":{"0":12,"1":36,"2":13,"3":5,"4":19,"5":13,"6":13,"7":12,"8":12,"9":36,"10":36,"11":0,"12":0,"13":1},"b":{"0":[0,5],"1":[5,5],"2":[1,12],"3":[0,12],"4":[0,12],"5":[12,24],"6":[12,0],"7":[12,12],"8":[0,12],"9":[12,12],"10":[12,0],"11":[12,12],"12":[0,12],"13":[12,12],"14":[12,12],"15":[0,12],"16":[12,12],"17":[1,0],"18":[0,12],"19":[12,12]}}
}
