TN:
SF:src/BreakingChangesNotifier.ts
FN:6,(anonymous_0)
FN:11,(anonymous_1)
FN:13,(anonymous_2)
FN:20,(anonymous_3)
FN:30,(anonymous_4)
FN:36,(anonymous_5)
FNF:6
FNH:6
FNDA:1,(anonymous_0)
FNDA:4,(anonymous_1)
FNDA:4,(anonymous_2)
FNDA:3,(anonymous_3)
FNDA:4,(anonymous_4)
FNDA:4,(anonymous_5)
DA:1,1
DA:2,1
DA:4,1
DA:6,1
DA:7,1
DA:10,1
DA:11,4
DA:14,4
DA:18,3
DA:21,3
DA:22,2
DA:31,4
DA:33,4
DA:37,4
LF:14
LH:14
BRDA:6,0,0,1
BRDA:6,0,1,1
BRDA:14,1,0,3
BRDA:14,1,1,1
BRDA:15,2,0,4
BRDA:15,2,1,4
BRDA:21,3,0,2
BRDA:21,3,1,1
BRDA:33,4,0,0
BRDA:33,4,1,4
BRDA:33,5,0,4
BRDA:33,5,1,4
BRF:12
BRH:11
end_of_record
TN:
SF:src/Messages.ts
FNF:0
FNH:0
DA:1,2
LF:1
LH:1
BRF:0
BRH:0
end_of_record
TN:
SF:src/VSCodeLogger.ts
FN:14,(anonymous_0)
FN:16,(anonymous_1)
FN:20,(anonymous_2)
FN:24,(anonymous_3)
FNF:4
FNH:4
FNDA:12,(anonymous_0)
FNDA:9,(anonymous_1)
FNDA:10,(anonymous_2)
FNDA:1,(anonymous_3)
DA:1,1
DA:9,1
DA:10,12
DA:14,12
DA:16,12
DA:17,9
DA:20,12
DA:21,10
DA:24,12
DA:25,1
LF:10
LH:10
BRF:0
BRH:0
end_of_record
TN:
SF:src/extension.ts
FN:13,(anonymous_7)
FN:17,activate
FN:54,getCommandControllerContext
FN:62,(anonymous_11)
FN:78,getExtensionConfiguration
FN:93,deactivate
FNF:6
FNH:2
FNDA:0,(anonymous_7)
FNDA:4,activate
FNDA:4,getCommandControllerContext
FNDA:0,(anonymous_11)
FNDA:0,getExtensionConfiguration
FNDA:0,deactivate
DA:1,1
DA:2,1
DA:3,1
DA:4,1
DA:6,1
DA:13,1
DA:14,0
DA:17,1
DA:22,4
DA:24,4
DA:28,4
DA:34,4
DA:40,4
DA:46,4
DA:55,4
DA:62,0
DA:79,0
DA:81,0
DA:93,1
LF:19
LH:15
BRDA:63,0,0,0
BRDA:63,0,1,0
BRDA:62,1,0,0
BRDA:62,1,1,0
BRF:4
BRH:0
end_of_record
TN:
SF:src/utils.ts
FN:6,getRootPath
FN:9,(anonymous_1)
FN:21,withErrorHandler
FN:22,(anonymous_3)
FN:22,(anonymous_4)
FNF:5
FNH:4
FNDA:6,getRootPath
FNDA:11,(anonymous_1)
FNDA:1,withErrorHandler
FNDA:16,(anonymous_3)
FNDA:0,(anonymous_4)
DA:1,2
DA:2,2
DA:4,2
DA:6,2
DA:8,6
DA:9,11
DA:12,6
DA:13,1
DA:16,5
DA:21,2
DA:22,16
DA:23,0
DA:24,0
DA:26,0
LF:14
LH:11
BRDA:8,0,0,6
BRDA:8,0,1,1
BRDA:8,1,0,1
BRDA:8,1,1,5
BRDA:8,2,0,6
BRDA:8,2,1,6
BRDA:12,3,0,1
BRDA:12,3,1,5
BRDA:17,4,0,5
BRDA:17,4,1,0
BRF:10
BRH:9
end_of_record
TN:
SF:src/browser/Browser.ts
FN:8,(anonymous_0)
FN:10,(anonymous_1)
FNF:2
FNH:2
FNDA:15,(anonymous_0)
FNDA:15,(anonymous_1)
DA:1,2
DA:7,2
DA:8,15
DA:11,15
LF:4
LH:4
BRF:0
BRH:0
end_of_record
TN:
SF:src/controllers/CommandController.ts
FN:23,(anonymous_0)
FN:39,(anonymous_1)
FN:51,(anonymous_2)
FN:63,(anonymous_3)
FN:71,(anonymous_4)
FN:28,(anonymous_5)
FN:32,(anonymous_6)
FN:77,(anonymous_7)
FN:82,(anonymous_8)
FN:101,(anonymous_9)
FN:113,(anonymous_10)
FNF:11
FNH:10
FNDA:12,(anonymous_0)
FNDA:10,(anonymous_1)
FNDA:4,(anonymous_2)
FNDA:3,(anonymous_3)
FNDA:2,(anonymous_4)
FNDA:0,(anonymous_5)
FNDA:1,(anonymous_6)
FNDA:13,(anonymous_7)
FNDA:13,(anonymous_8)
FNDA:13,(anonymous_9)
FNDA:13,(anonymous_10)
DA:1,1
DA:3,1
DA:4,1
DA:5,1
DA:6,1
DA:7,1
DA:19,1
DA:21,12
DA:23,12
DA:24,12
DA:26,12
DA:28,12
DA:29,0
DA:32,12
DA:33,1
DA:34,1
DA:35,1
DA:39,12
DA:40,10
DA:41,1
DA:44,9
DA:45,9
DA:47,9
DA:48,8
DA:51,12
DA:52,4
DA:53,3
DA:56,4
DA:58,4
DA:59,3
DA:63,12
DA:64,3
DA:65,1
DA:68,2
DA:71,12
DA:72,2
DA:73,1
DA:78,13
DA:79,12
DA:83,13
DA:85,13
DA:87,13
DA:105,13
DA:106,0
DA:107,0
DA:110,13
DA:114,13
DA:115,13
DA:117,13
DA:118,0
DA:121,13
DA:122,13
DA:124,13
DA:129,13
DA:131,13
LF:55
LH:51
BRDA:40,0,0,1
BRDA:40,0,1,9
BRDA:52,1,0,3
BRDA:52,1,1,1
BRDA:58,2,0,3
BRDA:58,2,1,1
BRDA:64,3,0,1
BRDA:64,3,1,2
BRDA:72,4,0,1
BRDA:72,4,1,1
BRDA:85,5,0,13
BRDA:85,5,1,1
BRDA:88,6,0,13
BRDA:88,6,1,1
BRDA:89,7,0,13
BRDA:89,7,1,1
BRDA:92,8,0,13
BRDA:92,8,1,13
BRDA:105,9,0,0
BRDA:105,9,1,13
BRDA:105,10,0,13
BRDA:105,10,1,13
BRDA:114,11,0,13
BRDA:114,11,1,0
BRDA:117,12,0,0
BRDA:117,12,1,13
BRDA:117,13,0,13
BRDA:117,13,1,13
BRDA:117,13,2,13
BRDA:126,14,0,13
BRDA:126,14,1,11
BRF:31
BRH:28
end_of_record
TN:
SF:src/server/PHPServer.ts
FN:23,(anonymous_0)
FN:25,(anonymous_1)
FN:29,(anonymous_2)
FN:45,(anonymous_3)
FN:50,(anonymous_4)
FN:54,(anonymous_5)
FN:58,(anonymous_6)
FN:71,(anonymous_7)
FN:91,(anonymous_8)
FN:92,(anonymous_9)
FN:97,(anonymous_10)
FN:102,(anonymous_11)
FN:105,(anonymous_12)
FN:109,(anonymous_13)
FNF:14
FNH:12
FNDA:12,(anonymous_0)
FNDA:36,(anonymous_1)
FNDA:13,(anonymous_2)
FNDA:5,(anonymous_3)
FNDA:19,(anonymous_4)
FNDA:13,(anonymous_5)
FNDA:13,(anonymous_6)
FNDA:12,(anonymous_7)
FNDA:12,(anonymous_8)
FNDA:36,(anonymous_9)
FNDA:36,(anonymous_10)
FNDA:0,(anonymous_11)
FNDA:0,(anonymous_12)
FNDA:1,(anonymous_13)
DA:1,1
DA:2,1
DA:18,1
DA:20,12
DA:26,36
DA:30,13
DA:32,12
DA:34,12
DA:42,12
DA:46,5
DA:47,5
DA:51,19
DA:55,13
DA:62,13
DA:66,13
DA:67,1
DA:72,12
DA:79,12
DA:80,0
DA:81,0
DA:84,12
DA:85,0
DA:88,12
DA:92,12
DA:93,36
DA:101,36
DA:102,12
DA:103,0
DA:105,12
DA:106,0
DA:108,24
DA:109,12
DA:110,1
DA:113,12
LF:34
LH:29
BRDA:46,0,0,0
BRDA:46,0,1,5
BRDA:46,1,0,5
BRDA:46,1,1,5
BRDA:66,2,0,1
BRDA:66,2,1,12
BRDA:79,3,0,0
BRDA:79,3,1,12
BRDA:84,4,0,0
BRDA:84,4,1,12
BRDA:101,5,0,12
BRDA:101,5,1,24
BRDA:102,6,0,12
BRDA:102,6,1,0
BRDA:102,7,0,12
BRDA:102,7,1,12
BRDA:102,8,0,0
BRDA:102,8,1,12
BRDA:102,9,0,12
BRDA:102,9,1,12
BRDA:105,10,0,12
BRDA:105,10,1,0
BRDA:105,11,0,12
BRDA:105,11,1,12
BRDA:105,12,0,0
BRDA:105,12,1,12
BRDA:105,13,0,12
BRDA:105,13,1,12
BRDA:108,14,0,12
BRDA:108,14,1,12
BRDA:109,15,0,0
BRDA:109,15,1,12
BRDA:109,16,0,12
BRDA:109,16,1,12
BRDA:110,17,0,1
BRDA:110,17,1,0
BRDA:113,18,0,0
BRDA:113,18,1,12
BRDA:113,19,0,12
BRDA:113,19,1,12
BRF:40
BRH:30
end_of_record
